2019-02-11 15:33:01.949  INFO 77970 --- [reactor-http-server-kqueue-5] com.insta2phase.utils.log.LogAspect      : PRIMARY:: called TwoPhaseCommitServiceImplementation.twoPhaseCommit()
2019-02-11 15:33:02.434 TRACE 77970 --- [pool-1-thread-1] o.s.w.r.f.client.ExchangeFunctions       : [166b829d] HTTP POST localhost:8081/participant/Account/Delete, headers={}
2019-02-11 15:33:04.987 TRACE 77970 --- [reactor-http-client-kqueue-12] o.s.w.r.f.client.ExchangeFunctions       : [166b829d] Response 200 OK, headers={Content-Type=[application/json;charset=UTF-8], Content-Length=[40]}
2019-02-11 15:33:05.118 TRACE 77970 --- [pool-1-thread-1] o.s.w.r.f.client.ExchangeFunctions       : [a1ea1c1] HTTP GET localhost:8081/participant/commit/142, headers={}
2019-02-11 15:33:05.126  INFO 77970 --- [reactor-http-server-kqueue-5] com.insta2phase.utils.log.LogAspect      : PRIMARY::TwoPhaseCommitServiceImplementation.twoPhaseCommit() returned:true
2019-02-11 15:33:05.328 TRACE 77970 --- [reactor-http-client-kqueue-12] o.s.w.r.f.client.ExchangeFunctions       : [a1ea1c1] Response 200 OK, headers={Content-Type=[application/json;charset=UTF-8], Content-Length=[148]}
2019-02-11 16:05:42.967  INFO 77970 --- [reactor-http-server-kqueue-5] com.insta2phase.utils.log.LogAspect      : PRIMARY:: called TwoPhaseCommitServiceImplementation.twoPhaseCommit()
2019-02-11 16:05:43.088 TRACE 77970 --- [pool-1-thread-1] o.s.w.r.f.client.ExchangeFunctions       : [6c087d65] HTTP POST localhost:8081/participant/Account/Delete, headers={}
2019-02-11 16:05:43.489 TRACE 77970 --- [reactor-http-client-kqueue-12] o.s.w.r.f.client.ExchangeFunctions       : [6c087d65] Response 200 OK, headers={Content-Type=[application/json;charset=UTF-8], Content-Length=[40]}
2019-02-11 16:05:43.506  INFO 77970 --- [reactor-http-server-kqueue-5] com.insta2phase.utils.log.LogAspect      : PRIMARY::TwoPhaseCommitServiceImplementation.twoPhaseCommit() returned:true
2019-02-11 16:05:43.507 TRACE 77970 --- [pool-1-thread-1] o.s.w.r.f.client.ExchangeFunctions       : [487e0deb] HTTP GET localhost:8081/participant/commit/151, headers={}
2019-02-11 16:05:43.585 TRACE 77970 --- [reactor-http-client-kqueue-12] o.s.w.r.f.client.ExchangeFunctions       : [487e0deb] Response 200 OK, headers={Content-Type=[application/json;charset=UTF-8], Content-Length=[134]}
2019-02-11 16:07:00.336  INFO 77970 --- [reactor-http-server-kqueue-6] com.insta2phase.utils.log.LogAspect      : PRIMARY:: called TwoPhaseCommitServiceImplementation.twoPhaseCommit()
2019-02-11 16:07:00.344 TRACE 77970 --- [pool-1-thread-1] o.s.w.r.f.client.ExchangeFunctions       : [6e735aec] HTTP POST localhost:8081/participant/Account/Delete, headers={}
2019-02-11 16:07:00.439 TRACE 77970 --- [reactor-http-client-kqueue-12] o.s.w.r.f.client.ExchangeFunctions       : [6e735aec] Response 200 OK, headers={Content-Type=[application/json;charset=UTF-8], Content-Length=[39]}
2019-02-11 16:07:00.444  INFO 77970 --- [reactor-http-server-kqueue-6] com.insta2phase.utils.log.LogAspect      : PRIMARY::TwoPhaseCommitServiceImplementation.twoPhaseCommit() returned:true
2019-02-11 16:07:00.445 TRACE 77970 --- [pool-1-thread-1] o.s.w.r.f.client.ExchangeFunctions       : [579e5ed] HTTP GET localhost:8081/participant/commit/13, headers={}
2019-02-11 16:07:00.510 TRACE 77970 --- [reactor-http-client-kqueue-12] o.s.w.r.f.client.ExchangeFunctions       : [579e5ed] Response 200 OK, headers={Content-Type=[application/json;charset=UTF-8], Content-Length=[145]}
2019-02-11 16:08:22.454  INFO 77970 --- [reactor-http-server-kqueue-5] com.insta2phase.utils.log.LogAspect      : PRIMARY:: called TwoPhaseCommitServiceImplementation.twoPhaseCommit()
2019-02-11 16:08:22.461 TRACE 77970 --- [pool-1-thread-1] o.s.w.r.f.client.ExchangeFunctions       : [2a354372] HTTP POST localhost:8081/participant/Account/Delete, headers={}
2019-02-11 16:08:22.531 TRACE 77970 --- [reactor-http-client-kqueue-12] o.s.w.r.f.client.ExchangeFunctions       : [2a354372] Response 200 OK, headers={Content-Type=[application/json;charset=UTF-8], Content-Length=[40]}
2019-02-11 16:08:22.560  INFO 77970 --- [reactor-http-server-kqueue-5] com.insta2phase.utils.log.LogAspect      : PRIMARY::TwoPhaseCommitServiceImplementation.twoPhaseCommit() returned:true
2019-02-11 16:08:22.560 TRACE 77970 --- [pool-1-thread-1] o.s.w.r.f.client.ExchangeFunctions       : [129c028a] HTTP GET localhost:8081/participant/commit/167, headers={}
2019-02-11 16:08:22.600 TRACE 77970 --- [reactor-http-client-kqueue-12] o.s.w.r.f.client.ExchangeFunctions       : [129c028a] Response 200 OK, headers={Content-Type=[application/json;charset=UTF-8], Content-Length=[132]}
2019-02-11 16:26:06.173  INFO 77970 --- [reactor-http-server-kqueue-6] com.insta2phase.utils.log.LogAspect      : PRIMARY:: called TwoPhaseCommitServiceImplementation.twoPhaseCommit()
2019-02-11 16:26:06.237 TRACE 77970 --- [pool-1-thread-1] o.s.w.r.f.client.ExchangeFunctions       : [66cc8e0f] HTTP POST localhost:8081/participant/Account/Delete, headers={}
2019-02-11 16:26:06.422 TRACE 77970 --- [reactor-http-client-kqueue-12] o.s.w.r.f.client.ExchangeFunctions       : [66cc8e0f] Response 200 OK, headers={Content-Type=[application/json;charset=UTF-8], Content-Length=[40]}
2019-02-11 16:26:06.439  INFO 77970 --- [reactor-http-server-kqueue-6] com.insta2phase.utils.log.LogAspect      : PRIMARY::TwoPhaseCommitServiceImplementation.twoPhaseCommit() returned:true
2019-02-11 16:26:06.439 TRACE 77970 --- [pool-1-thread-1] o.s.w.r.f.client.ExchangeFunctions       : [2cd059b6] HTTP GET localhost:8081/participant/commit/156, headers={}
2019-02-11 16:26:06.532 TRACE 77970 --- [reactor-http-client-kqueue-12] o.s.w.r.f.client.ExchangeFunctions       : [2cd059b6] Response 200 OK, headers={Content-Type=[application/json;charset=UTF-8], Content-Length=[143]}
2019-02-11 16:30:37.083  INFO 77970 --- [Thread-7] o.n.ogm.drivers.bolt.driver.BoltDriver   : Shutting down Bolt driver org.neo4j.driver.internal.InternalDriver@69c33ea2 
2019-02-11 16:30:39.448 ERROR 77970 --- [Thread-7] i.n.u.c.D.rejectedExecution              : Failed to submit a listener notification task. Event loop shut down?

java.util.concurrent.RejectedExecutionException: event executor terminated
	at io.netty.util.concurrent.SingleThreadEventExecutor.reject(SingleThreadEventExecutor.java:842) ~[netty-all-4.1.29.Final.jar:4.1.29.Final]
	at io.netty.util.concurrent.SingleThreadEventExecutor.offerTask(SingleThreadEventExecutor.java:328) ~[netty-all-4.1.29.Final.jar:4.1.29.Final]
	at io.netty.util.concurrent.SingleThreadEventExecutor.addTask(SingleThreadEventExecutor.java:321) ~[netty-all-4.1.29.Final.jar:4.1.29.Final]
	at io.netty.util.concurrent.SingleThreadEventExecutor.execute(SingleThreadEventExecutor.java:765) ~[netty-all-4.1.29.Final.jar:4.1.29.Final]
	at io.netty.util.concurrent.DefaultPromise.safeExecute(DefaultPromise.java:768) ~[netty-all-4.1.29.Final.jar:4.1.29.Final]
	at io.netty.util.concurrent.DefaultPromise.notifyListeners(DefaultPromise.java:432) ~[netty-all-4.1.29.Final.jar:4.1.29.Final]
	at io.netty.util.concurrent.DefaultPromise.setFailure(DefaultPromise.java:112) ~[netty-all-4.1.29.Final.jar:4.1.29.Final]
	at io.netty.channel.DefaultChannelPromise.setFailure(DefaultChannelPromise.java:89) ~[netty-all-4.1.29.Final.jar:4.1.29.Final]
	at io.netty.channel.AbstractChannelHandlerContext.safeExecute(AbstractChannelHandlerContext.java:1010) ~[netty-all-4.1.29.Final.jar:4.1.29.Final]
	at io.netty.channel.AbstractChannelHandlerContext.close(AbstractChannelHandlerContext.java:610) ~[netty-all-4.1.29.Final.jar:4.1.29.Final]
	at io.netty.channel.AbstractChannelHandlerContext.close(AbstractChannelHandlerContext.java:465) ~[netty-all-4.1.29.Final.jar:4.1.29.Final]
	at io.netty.channel.DefaultChannelPipeline.close(DefaultChannelPipeline.java:1003) ~[netty-all-4.1.29.Final.jar:4.1.29.Final]
	at io.netty.channel.AbstractChannel.close(AbstractChannel.java:238) ~[netty-all-4.1.29.Final.jar:4.1.29.Final]
	at reactor.netty.tcp.TcpServerBind$DisposableBind.dispose(TcpServerBind.java:166) ~[reactor-netty-0.8.2.RELEASE.jar:0.8.2.RELEASE]
	at reactor.netty.http.server.HttpServerBind$DisposableBind.dispose(HttpServerBind.java:298) ~[reactor-netty-0.8.2.RELEASE.jar:0.8.2.RELEASE]
	at reactor.netty.DisposableChannel.disposeNow(DisposableChannel.java:92) ~[reactor-netty-0.8.2.RELEASE.jar:0.8.2.RELEASE]
	at reactor.netty.DisposableChannel.disposeNow(DisposableChannel.java:82) ~[reactor-netty-0.8.2.RELEASE.jar:0.8.2.RELEASE]
	at org.springframework.boot.web.embedded.netty.NettyWebServer.stop(NettyWebServer.java:122) ~[spring-boot-2.1.0.RELEASE.jar:2.1.0.RELEASE]
	at org.springframework.boot.web.reactive.context.ReactiveWebServerApplicationContext$ServerManager.stop(ReactiveWebServerApplicationContext.java:239) ~[spring-boot-2.1.0.RELEASE.jar:2.1.0.RELEASE]
	at org.springframework.boot.web.reactive.context.ReactiveWebServerApplicationContext.stopAndReleaseReactiveWebServer(ReactiveWebServerApplicationContext.java:163) ~[spring-boot-2.1.0.RELEASE.jar:2.1.0.RELEASE]
	at org.springframework.boot.web.reactive.context.ReactiveWebServerApplicationContext.onClose(ReactiveWebServerApplicationContext.java:157) ~[spring-boot-2.1.0.RELEASE.jar:2.1.0.RELEASE]
	at org.springframework.context.support.AbstractApplicationContext.doClose(AbstractApplicationContext.java:1017) ~[spring-context-5.1.2.RELEASE.jar:5.1.2.RELEASE]
	at org.springframework.context.support.AbstractApplicationContext$1.run(AbstractApplicationContext.java:931) ~[spring-context-5.1.2.RELEASE.jar:5.1.2.RELEASE]

2019-02-11 16:30:39.465  WARN 77970 --- [Thread-7] reactor.netty.tcp.TcpResources           : [http] resources will use the default LoopResources: DefaultLoopResources {prefix=reactor-http, daemon=true, selectCount=4, workerCount=4}
2019-02-11 16:30:39.466  WARN 77970 --- [Thread-7] reactor.netty.tcp.TcpResources           : [http] resources will use the default ConnectionProvider: PooledConnectionProvider {name=http, poolFactory=reactor.netty.resources.ConnectionProvider$$Lambda$394/0x000000080042f440@65bdd558}
2019-02-11 16:30:56.293  INFO 78698 --- [main] com.insta2phase.Application              : Starting Application on Roies-MacBook-Pro-2.local with PID 78698 (/Users/roie/Documents/Workspace/Neo4J2PhaseCommit/out/production/classes started by roie in /Users/roie/Documents/Workspace/Neo4J2PhaseCommit)
2019-02-11 16:30:56.297 DEBUG 78698 --- [main] com.insta2phase.Application              : Running with Spring Boot v2.1.0.RELEASE, Spring v5.1.2.RELEASE
2019-02-11 16:30:56.297  INFO 78698 --- [main] com.insta2phase.Application              : No active profile set, falling back to default profiles: default
2019-02-11 16:30:56.770  INFO 78698 --- [main] .s.d.r.c.RepositoryConfigurationDelegate : Bootstrapping Spring Data repositories in DEFAULT mode.
2019-02-11 16:30:56.832  INFO 78698 --- [main] .s.d.r.c.RepositoryConfigurationDelegate : Finished Spring Data repository scanning in 56ms. Found 3 repository interfaces.
2019-02-11 16:30:57.308  WARN 78698 --- [main] reactor.netty.tcp.TcpResources           : [http] resources will use the default LoopResources: DefaultLoopResources {prefix=reactor-http, daemon=true, selectCount=4, workerCount=4}
2019-02-11 16:30:57.308  WARN 78698 --- [main] reactor.netty.tcp.TcpResources           : [http] resources will use the default ConnectionProvider: PooledConnectionProvider {name=http, poolFactory=reactor.netty.resources.ConnectionProvider$$Lambda$384/0x0000000800428440@22a736d7}
2019-02-11 16:30:58.014  INFO 78698 --- [main] org.neo4j.ogm.metadata.DomainInfo        : Starting Post-processing phase
2019-02-11 16:30:58.014  INFO 78698 --- [main] org.neo4j.ogm.metadata.DomainInfo        : Building annotation class map
2019-02-11 16:30:58.014  INFO 78698 --- [main] org.neo4j.ogm.metadata.DomainInfo        : Building interface class map for 7 classes
2019-02-11 16:30:58.021  INFO 78698 --- [main] org.neo4j.ogm.metadata.DomainInfo        : Post-processing complete
2019-02-11 16:30:58.267  INFO 78698 --- [main] o.s.d.neo4j.mapping.Neo4jMappingContext  : Neo4jMappingContext initialisation completed
2019-02-11 16:30:59.427  INFO 78698 --- [main] Driver                                   : Direct driver instance 912677905 created for server address localhost:7687
2019-02-11 16:31:09.296  INFO 78698 --- [main] o.s.b.web.embedded.netty.NettyWebServer  : Netty started on port(s): 8080
2019-02-11 16:31:09.302  INFO 78698 --- [main] com.insta2phase.Application              : Started Application in 13.415 seconds (JVM running for 19.731)
2019-02-11 17:22:34.449  INFO 78698 --- [reactor-http-server-kqueue-8] com.insta2phase.utils.log.LogAspect      : PRIMARY:: called TwoPhaseCommitServiceImplementation.twoPhaseCommit()
2019-02-11 17:22:35.352 TRACE 78698 --- [pool-1-thread-1] o.s.w.r.f.client.ExchangeFunctions       : [7fa67faa] HTTP POST localhost:8081/participant/Account/Delete, headers={}
2019-02-11 17:22:36.978 TRACE 78698 --- [reactor-http-client-kqueue-12] o.s.w.r.f.client.ExchangeFunctions       : [7fa67faa] Response 200 OK, headers={Content-Type=[application/json;charset=UTF-8], Content-Length=[40]}
2019-02-11 17:22:37.088 TRACE 78698 --- [pool-1-thread-1] o.s.w.r.f.client.ExchangeFunctions       : [48745dd6] HTTP GET localhost:8081/participant/commit/160, headers={}
2019-02-11 17:22:37.094  INFO 78698 --- [reactor-http-server-kqueue-8] com.insta2phase.utils.log.LogAspect      : PRIMARY::TwoPhaseCommitServiceImplementation.twoPhaseCommit() returned:true
2019-02-11 17:22:37.375 TRACE 78698 --- [reactor-http-client-kqueue-12] o.s.w.r.f.client.ExchangeFunctions       : [48745dd6] Response 200 OK, headers={Content-Type=[application/json;charset=UTF-8], Content-Length=[136]}
2019-02-11 17:22:37.999  INFO 78698 --- [reactor-http-server-kqueue-8] com.insta2phase.utils.log.LogAspect      : PRIMARY:: called TwoPhaseCommitServiceImplementation.twoPhaseCommit()
2019-02-11 17:22:38.004 TRACE 78698 --- [pool-1-thread-1] o.s.w.r.f.client.ExchangeFunctions       : [4504233a] HTTP POST localhost:8081/participant/Account/Delete, headers={}
2019-02-11 17:22:38.112 TRACE 78698 --- [reactor-http-client-kqueue-12] o.s.w.r.f.client.ExchangeFunctions       : [4504233a] Response 200 OK, headers={Content-Type=[application/json;charset=UTF-8], Content-Length=[40]}
2019-02-11 17:22:38.120  INFO 78698 --- [reactor-http-server-kqueue-8] com.insta2phase.utils.log.LogAspect      : PRIMARY::TwoPhaseCommitServiceImplementation.twoPhaseCommit() returned:true
2019-02-11 17:22:38.122 TRACE 78698 --- [pool-1-thread-1] o.s.w.r.f.client.ExchangeFunctions       : [7e2da409] HTTP GET localhost:8081/participant/commit/161, headers={}
2019-02-11 17:22:38.185 TRACE 78698 --- [reactor-http-client-kqueue-12] o.s.w.r.f.client.ExchangeFunctions       : [7e2da409] Response 200 OK, headers={Content-Type=[application/json;charset=UTF-8], Content-Length=[131]}
2019-02-11 17:23:33.515  INFO 78698 --- [reactor-http-server-kqueue-8] com.insta2phase.utils.log.LogAspect      : PRIMARY:: called TwoPhaseCommitServiceImplementation.twoPhaseCommit()
2019-02-11 17:23:33.521 TRACE 78698 --- [pool-1-thread-1] o.s.w.r.f.client.ExchangeFunctions       : [2ceceb25] HTTP POST localhost:8081/participant/Account/Delete, headers={}
2019-02-11 17:23:33.589 TRACE 78698 --- [reactor-http-client-kqueue-12] o.s.w.r.f.client.ExchangeFunctions       : [2ceceb25] Response 200 OK, headers={Content-Type=[application/json;charset=UTF-8], Content-Length=[40]}
2019-02-11 17:23:33.611  INFO 78698 --- [reactor-http-server-kqueue-8] com.insta2phase.utils.log.LogAspect      : PRIMARY::TwoPhaseCommitServiceImplementation.twoPhaseCommit() returned:true
2019-02-11 17:23:33.611 TRACE 78698 --- [pool-1-thread-1] o.s.w.r.f.client.ExchangeFunctions       : [4803e2a5] HTTP GET localhost:8081/participant/commit/165, headers={}
2019-02-11 17:23:33.714 TRACE 78698 --- [reactor-http-client-kqueue-12] o.s.w.r.f.client.ExchangeFunctions       : [4803e2a5] Response 200 OK, headers={Content-Type=[application/json;charset=UTF-8], Content-Length=[141]}
2019-02-11 17:27:10.383  INFO 78698 --- [reactor-http-server-kqueue-7] com.insta2phase.utils.log.LogAspect      : PRIMARY:: called TwoPhaseCommitServiceImplementation.twoPhaseCommit()
2019-02-11 17:27:10.473 TRACE 78698 --- [pool-1-thread-1] o.s.w.r.f.client.ExchangeFunctions       : [2c7a156c] HTTP POST localhost:8081/participant/Account/Delete, headers={}
2019-02-11 17:27:10.698 TRACE 78698 --- [reactor-http-client-kqueue-12] o.s.w.r.f.client.ExchangeFunctions       : [2c7a156c] Response 200 OK, headers={Content-Type=[application/json;charset=UTF-8], Content-Length=[40]}
2019-02-11 17:27:10.728 TRACE 78698 --- [pool-1-thread-1] o.s.w.r.f.client.ExchangeFunctions       : [3fe4e106] HTTP GET localhost:8081/participant/commit/175, headers={}
2019-02-11 17:27:10.729  INFO 78698 --- [reactor-http-server-kqueue-7] com.insta2phase.utils.log.LogAspect      : PRIMARY::TwoPhaseCommitServiceImplementation.twoPhaseCommit() returned:true
2019-02-11 17:27:10.790 TRACE 78698 --- [reactor-http-client-kqueue-12] o.s.w.r.f.client.ExchangeFunctions       : [3fe4e106] Response 200 OK, headers={Content-Type=[application/json;charset=UTF-8], Content-Length=[142]}
2019-02-11 17:27:24.029  INFO 78698 --- [reactor-http-server-kqueue-5] com.insta2phase.utils.log.LogAspect      : PRIMARY:: called TwoPhaseCommitServiceImplementation.twoPhaseCommit()
2019-02-11 17:27:24.039 TRACE 78698 --- [pool-1-thread-1] o.s.w.r.f.client.ExchangeFunctions       : [741a901c] HTTP POST localhost:8081/participant/Account/Delete, headers={}
2019-02-11 17:27:24.321 TRACE 78698 --- [reactor-http-client-kqueue-12] o.s.w.r.f.client.ExchangeFunctions       : [741a901c] Response 200 OK, headers={Content-Type=[application/json;charset=UTF-8], Content-Length=[40]}
2019-02-11 17:27:24.331  INFO 78698 --- [reactor-http-server-kqueue-5] com.insta2phase.utils.log.LogAspect      : PRIMARY::TwoPhaseCommitServiceImplementation.twoPhaseCommit() returned:true
2019-02-11 17:27:24.331 TRACE 78698 --- [pool-1-thread-1] o.s.w.r.f.client.ExchangeFunctions       : [23db42f0] HTTP GET localhost:8081/participant/commit/177, headers={}
2019-02-11 17:27:24.610 TRACE 78698 --- [reactor-http-client-kqueue-12] o.s.w.r.f.client.ExchangeFunctions       : [23db42f0] Response 200 OK, headers={Content-Type=[application/json;charset=UTF-8], Content-Length=[142]}
2019-02-11 17:27:49.847  INFO 78698 --- [reactor-http-server-kqueue-5] com.insta2phase.utils.log.LogAspect      : PRIMARY:: called TwoPhaseCommitServiceImplementation.twoPhaseCommit()
2019-02-11 17:27:49.869 TRACE 78698 --- [pool-1-thread-1] o.s.w.r.f.client.ExchangeFunctions       : [5f76f292] HTTP POST localhost:8081/participant/Account/Create, headers={}
2019-02-11 17:27:50.039 TRACE 78698 --- [reactor-http-client-kqueue-12] o.s.w.r.f.client.ExchangeFunctions       : [5f76f292] Response 200 OK, headers={Content-Type=[application/json;charset=UTF-8], Content-Length=[40]}
2019-02-11 17:27:50.055  INFO 78698 --- [reactor-http-server-kqueue-5] com.insta2phase.utils.log.LogAspect      : PRIMARY::TwoPhaseCommitServiceImplementation.twoPhaseCommit() returned:true
2019-02-11 17:27:50.055 TRACE 78698 --- [pool-1-thread-1] o.s.w.r.f.client.ExchangeFunctions       : [4782d4ab] HTTP GET localhost:8081/participant/commit/184, headers={}
2019-02-11 17:27:50.723 TRACE 78698 --- [reactor-http-client-kqueue-12] o.s.w.r.f.client.ExchangeFunctions       : [4782d4ab] Response 200 OK, headers={Content-Type=[application/json;charset=UTF-8], Content-Length=[141]}
